<?xml version="1.0" encoding="UTF-8"?>
<coverage generated="1736524619602" clover="3.2.0">
  <project timestamp="1736524619602" name="All files">
    <metrics statements="18" coveredstatements="18" conditionals="11" coveredconditionals="11" methods="8" coveredmethods="6" elements="37" coveredelements="35" complexity="0" loc="18" ncloc="18" packages="1" files="1" classes="1"/>
    <file name="classes.js" path="F:\Code\NCS\modules\classes.js">
      <metrics statements="18" coveredstatements="18" conditionals="11" coveredconditionals="11" methods="8" coveredmethods="6"/>
      <line num="3" count="4" type="stmt"/>
      <line num="4" count="4" type="cond" truecount="2" falsecount="0"/>
      <line num="10" count="6" type="stmt"/>
      <line num="11" count="6" type="stmt"/>
      <line num="12" count="6" type="stmt"/>
      <line num="13" count="6" type="stmt"/>
      <line num="17" count="1" type="stmt"/>
      <line num="21" count="5" type="cond" truecount="4" falsecount="0"/>
      <line num="22" count="1" type="stmt"/>
      <line num="24" count="4" type="stmt"/>
      <line num="25" count="4" type="stmt"/>
      <line num="26" count="4" type="stmt"/>
      <line num="29" count="3" type="cond" truecount="2" falsecount="0"/>
      <line num="30" count="1" type="stmt"/>
      <line num="33" count="3" type="stmt"/>
      <line num="34" count="1" type="stmt"/>
      <line num="35" count="1" type="stmt"/>
      <line num="36" count="1" type="stmt"/>
    </file>
  </project>
</coverage>
