{"F:\\Code\\NCS\\modules\\classes.js": {"path":"F:\\Code\\NCS\\modules\\classes.js","statementMap":{"0":{"start":{"line":3,"column":4},"end":{"line":3,"column":21}},"1":{"start":{"line":4,"column":4},"end":{"line":4,"column":76}},"2":{"start":{"line":10,"column":4},"end":{"line":10,"column":20}},"3":{"start":{"line":11,"column":4},"end":{"line":11,"column":27}},"4":{"start":{"line":12,"column":4},"end":{"line":12,"column":24}},"5":{"start":{"line":13,"column":4},"end":{"line":13,"column":19}},"6":{"start":{"line":17,"column":4},"end":{"line":17,"column":37}},"7":{"start":{"line":21,"column":4},"end":{"line":23,"column":5}},"8":{"start":{"line":22,"column":6},"end":{"line":22,"column":13}},"9":{"start":{"line":24,"column":4},"end":{"line":24,"column":26}},"10":{"start":{"line":25,"column":4},"end":{"line":25,"column":29}},"11":{"start":{"line":26,"column":4},"end":{"line":26,"column":31}},"12":{"start":{"line":29,"column":4},"end":{"line":31,"column":5}},"13":{"start":{"line":30,"column":6},"end":{"line":30,"column":50}},"14":{"start":{"line":33,"column":4},"end":{"line":37,"column":7}},"15":{"start":{"line":34,"column":26},"end":{"line":34,"column":64}},"16":{"start":{"line":35,"column":6},"end":{"line":35,"column":37}},"17":{"start":{"line":36,"column":6},"end":{"line":36,"column":37}}},"fnMap":{"0":{"name":"(anonymous_0)","decl":{"start":{"line":2,"column":2},"end":{"line":2,"column":3}},"loc":{"start":{"line":2,"column":47},"end":{"line":5,"column":3}},"line":2},"1":{"name":"(anonymous_1)","decl":{"start":{"line":2,"column":37},"end":{"line":2,"column":38}},"loc":{"start":{"line":2,"column":43},"end":{"line":2,"column":45}},"line":2},"2":{"name":"(anonymous_2)","decl":{"start":{"line":4,"column":67},"end":{"line":4,"column":68}},"loc":{"start":{"line":4,"column":73},"end":{"line":4,"column":75}},"line":4},"3":{"name":"(anonymous_3)","decl":{"start":{"line":9,"column":2},"end":{"line":9,"column":3}},"loc":{"start":{"line":9,"column":16},"end":{"line":14,"column":3}},"line":9},"4":{"name":"(anonymous_4)","decl":{"start":{"line":16,"column":2},"end":{"line":16,"column":3}},"loc":{"start":{"line":16,"column":20},"end":{"line":18,"column":3}},"line":16},"5":{"name":"(anonymous_5)","decl":{"start":{"line":20,"column":2},"end":{"line":20,"column":3}},"loc":{"start":{"line":20,"column":30},"end":{"line":27,"column":3}},"line":20},"6":{"name":"(anonymous_6)","decl":{"start":{"line":28,"column":2},"end":{"line":28,"column":3}},"loc":{"start":{"line":28,"column":19},"end":{"line":38,"column":3}},"line":28},"7":{"name":"(anonymous_7)","decl":{"start":{"line":33,"column":30},"end":{"line":33,"column":31}},"loc":{"start":{"line":33,"column":38},"end":{"line":37,"column":5}},"line":33}},"branchMap":{"0":{"loc":{"start":{"line":2,"column":14},"end":{"line":2,"column":23}},"type":"default-arg","locations":[{"start":{"line":2,"column":21},"end":{"line":2,"column":23}}],"line":2},"1":{"loc":{"start":{"line":2,"column":25},"end":{"line":2,"column":45}},"type":"default-arg","locations":[{"start":{"line":2,"column":37},"end":{"line":2,"column":45}}],"line":2},"2":{"loc":{"start":{"line":4,"column":21},"end":{"line":4,"column":75}},"type":"cond-expr","locations":[{"start":{"line":4,"column":55},"end":{"line":4,"column":64}},{"start":{"line":4,"column":67},"end":{"line":4,"column":75}}],"line":4},"3":{"loc":{"start":{"line":20,"column":12},"end":{"line":20,"column":28}},"type":"default-arg","locations":[{"start":{"line":20,"column":24},"end":{"line":20,"column":28}}],"line":20},"4":{"loc":{"start":{"line":21,"column":4},"end":{"line":23,"column":5}},"type":"if","locations":[{"start":{"line":21,"column":4},"end":{"line":23,"column":5}},{"start":{},"end":{}}],"line":21},"5":{"loc":{"start":{"line":21,"column":8},"end":{"line":21,"column":49}},"type":"binary-expr","locations":[{"start":{"line":21,"column":8},"end":{"line":21,"column":21}},{"start":{"line":21,"column":25},"end":{"line":21,"column":49}}],"line":21},"6":{"loc":{"start":{"line":29,"column":4},"end":{"line":31,"column":5}},"type":"if","locations":[{"start":{"line":29,"column":4},"end":{"line":31,"column":5}},{"start":{},"end":{}}],"line":29}},"s":{"0":4,"1":4,"2":6,"3":6,"4":6,"5":6,"6":1,"7":5,"8":1,"9":4,"10":4,"11":4,"12":3,"13":1,"14":3,"15":1,"16":1,"17":1},"f":{"0":4,"1":0,"2":0,"3":6,"4":1,"5":5,"6":3,"7":1},"b":{"0":[1],"1":[1],"2":[3,1],"3":[3],"4":[1,4],"5":[5,4],"6":[1,2]},"_coverageSchema":"1a1c01bbd47fc00a2c39e90264f33305004495a9","hash":"7d471ea1e2315ae78c4dceb5a9d20813c05f7ecc"}
}
