TN:
SF:modules\classes.js
FN:2,(anonymous_0)
FN:2,(anonymous_1)
FN:4,(anonymous_2)
FN:9,(anonymous_3)
FN:16,(anonymous_4)
FN:20,(anonymous_5)
FN:28,(anonymous_6)
FN:33,(anonymous_7)
FNF:8
FNH:6
FNDA:4,(anonymous_0)
FNDA:0,(anonymous_1)
FNDA:0,(anonymous_2)
FNDA:6,(anonymous_3)
FNDA:1,(anonymous_4)
FNDA:5,(anonymous_5)
FNDA:3,(anonymous_6)
FNDA:1,(anonymous_7)
DA:3,4
DA:4,4
DA:10,6
DA:11,6
DA:12,6
DA:13,6
DA:17,1
DA:21,5
DA:22,1
DA:24,4
DA:25,4
DA:26,4
DA:29,3
DA:30,1
DA:33,3
DA:34,1
DA:35,1
DA:36,1
LF:18
LH:18
BRDA:2,0,0,1
BRDA:2,1,0,1
BRDA:4,2,0,3
BRDA:4,2,1,1
BRDA:20,3,0,3
BRDA:21,4,0,1
BRDA:21,4,1,4
BRDA:21,5,0,5
BRDA:21,5,1,4
BRDA:29,6,0,1
BRDA:29,6,1,2
BRF:11
BRH:11
end_of_record
